<?xml version="1.0" encoding="UTF-8"?>
<testsuite xmlns:xsi="http://www.w3.org/2001/XMLSchema-instance" xsi:noNamespaceSchemaLocation="https://maven.apache.org/surefire/maven-surefire-plugin/xsd/surefire-test-report.xsd" name="CalculatorTest" time="0.03" tests="8" errors="0" skipped="0" failures="0">
  <properties>
[...]
</properties>
  <testcase name="dividingWorksCorrectly" classname="CalculatorTest" time="0"/>
  <testcase name="twoDigitsOperationsWorksCorrectly" classname="CalculatorTest" time="0.01"/>
  <testcase name="expressionWithPrioritiesWorksCorrectly" classname="CalculatorTest" time="0.002"/>
  <testcase name="addingWorksCorrectly" classname="CalculatorTest" time="0"/>
  <testcase name="multiplyingWorksCorrectly" classname="CalculatorTest" time="0"/>
  <testcase name="subtractingWorksCorrectly" classname="CalculatorTest" time="0"/>
  <testcase name="singleDigitsOperationsWorksCorrectly" classname="CalculatorTest" time="0"/>
  <testcase name="expressionWithBadArgumentsWorksCorrectly" classname="CalculatorTest" time="0.008"/>
</testsuite>